/home/aih/sebastian.birk/miniconda3/envs/nichecompass-test/lib/python3.9/site-packages/umap/distances.py:1063: NumbaDeprecationWarning: [1mThe 'nopython' keyword argument was not supplied to the 'numba.jit' decorator. The implicit default value for this argument is currently False, but it will be changed to True in Numba 0.59.0. See https://numba.readthedocs.io/en/stable/reference/deprecation.html#deprecation-of-object-mode-fall-back-behaviour-when-using-jit for details.[0m
  @numba.jit()
/home/aih/sebastian.birk/miniconda3/envs/nichecompass-test/lib/python3.9/site-packages/umap/distances.py:1071: NumbaDeprecationWarning: [1mThe 'nopython' keyword argument was not supplied to the 'numba.jit' decorator. The implicit default value for this argument is currently False, but it will be changed to True in Numba 0.59.0. See https://numba.readthedocs.io/en/stable/reference/deprecation.html#deprecation-of-object-mode-fall-back-behaviour-when-using-jit for details.[0m
  @numba.jit()
/home/aih/sebastian.birk/miniconda3/envs/nichecompass-test/lib/python3.9/site-packages/umap/distances.py:1086: NumbaDeprecationWarning: [1mThe 'nopython' keyword argument was not supplied to the 'numba.jit' decorator. The implicit default value for this argument is currently False, but it will be changed to True in Numba 0.59.0. See https://numba.readthedocs.io/en/stable/reference/deprecation.html#deprecation-of-object-mode-fall-back-behaviour-when-using-jit for details.[0m
  @numba.jit()
/home/aih/sebastian.birk/miniconda3/envs/nichecompass-test/lib/python3.9/site-packages/umap/umap_.py:660: NumbaDeprecationWarning: [1mThe 'nopython' keyword argument was not supplied to the 'numba.jit' decorator. The implicit default value for this argument is currently False, but it will be changed to True in Numba 0.59.0. See https://numba.readthedocs.io/en/stable/reference/deprecation.html#deprecation-of-object-mode-fall-back-behaviour-when-using-jit for details.[0m
  @numba.jit()
/var/spool/slurmd/job13222564/slurm_script: line 16: 1595865 Killed                  python ../compute_benchmarking_metrics.py --dataset nanostring_cosmx_human_nsclc --task sample_integration_method_benchmarking --file_name nanostring_cosmx_human_nsclc_nichecompass_gcnconv_fov.h5ad --cell_type_key cell_type --batch_key batch --latent_key nichecompass_latent --run_numbers 1 2 3 4 --metrics gcs mlami cas clisis nasw cnmi cari casw clisi basw bgc blisi
slurmstepd: error: Detected 1 oom-kill event(s) in StepId=13222564.batch. Some of your processes may have been killed by the cgroup out-of-memory handler.
/var/spool/slurmd/job13222567/slurm_script: line 16: 259294 Killed                  python ../compute_benchmarking_metrics.py --dataset nanostring_cosmx_human_nsclc --task sample_integration_method_benchmarking --file_name nanostring_cosmx_human_nsclc_nichecompass_gatv2conv_fov.h5ad --cell_type_key cell_type --batch_key batch --latent_key nichecompass_latent --run_numbers 1 2 3 4 --metrics gcs mlami cas clisis nasw cnmi cari casw clisi basw bgc blisi
slurmstepd: error: Detected 1 oom-kill event(s) in StepId=13222567.batch. Some of your processes may have been killed by the cgroup out-of-memory handler.
/home/aih/sebastian.birk/miniconda3/envs/nichecompass-test/lib/python3.9/site-packages/scanpy/tools/_leiden.py:158: ImplicitModificationWarning: Trying to modify attribute `.obs` of view, initializing view as actual.
  adata.obs[key_added] = pd.Categorical(
/home/aih/sebastian.birk/miniconda3/envs/nichecompass-test/lib/python3.9/site-packages/scanpy/tools/_leiden.py:158: ImplicitModificationWarning: Trying to modify attribute `.obs` of view, initializing view as actual.
  adata.obs[key_added] = pd.Categorical(
/home/aih/sebastian.birk/miniconda3/envs/nichecompass-test/lib/python3.9/site-packages/scanpy/tools/_leiden.py:158: ImplicitModificationWarning: Trying to modify attribute `.obs` of view, initializing view as actual.
  adata.obs[key_added] = pd.Categorical(
Traceback (most recent call last):
  File "/home/aih/sebastian.birk/workspace/projects/nichecompass-reproducibility/scripts/sample_integration_method_benchmarking/../compute_benchmarking_metrics.py", line 121, in <module>
    adata.uns[f"{args.latent_key.split('_')[0]}_model_training_duration_"
KeyError: 'nichecompass_model_training_duration_run3'
