WARNING:root:Failed to download from `https://omnipathdb.org/`.
WARNING:root:Traceback (most recent call last):
  File "/home/aih/sebastian.birk/miniconda3/envs/nichecompass-reproducibility/lib/python3.9/site-packages/urllib3/connectionpool.py", line 715, in urlopen
    httplib_response = self._make_request(
  File "/home/aih/sebastian.birk/miniconda3/envs/nichecompass-reproducibility/lib/python3.9/site-packages/urllib3/connectionpool.py", line 404, in _make_request
    self._validate_conn(conn)
  File "/home/aih/sebastian.birk/miniconda3/envs/nichecompass-reproducibility/lib/python3.9/site-packages/urllib3/connectionpool.py", line 1060, in _validate_conn
    conn.connect()
  File "/home/aih/sebastian.birk/miniconda3/envs/nichecompass-reproducibility/lib/python3.9/site-packages/urllib3/connection.py", line 419, in connect
    self.sock = ssl_wrap_socket(
  File "/home/aih/sebastian.birk/miniconda3/envs/nichecompass-reproducibility/lib/python3.9/site-packages/urllib3/util/ssl_.py", line 449, in ssl_wrap_socket
    ssl_sock = _ssl_wrap_socket_impl(
  File "/home/aih/sebastian.birk/miniconda3/envs/nichecompass-reproducibility/lib/python3.9/site-packages/urllib3/util/ssl_.py", line 493, in _ssl_wrap_socket_impl
    return ssl_context.wrap_socket(sock, server_hostname=server_hostname)
  File "/home/aih/sebastian.birk/miniconda3/envs/nichecompass-reproducibility/lib/python3.9/ssl.py", line 501, in wrap_socket
    return self.sslsocket_class._create(
  File "/home/aih/sebastian.birk/miniconda3/envs/nichecompass-reproducibility/lib/python3.9/ssl.py", line 1074, in _create
    self.do_handshake()
  File "/home/aih/sebastian.birk/miniconda3/envs/nichecompass-reproducibility/lib/python3.9/ssl.py", line 1343, in do_handshake
    self._sslobj.do_handshake()
ssl.SSLZeroReturnError: TLS/SSL connection has been closed (EOF) (_ssl.c:1133)

During handling of the above exception, another exception occurred:

Traceback (most recent call last):
  File "/home/aih/sebastian.birk/miniconda3/envs/nichecompass-reproducibility/lib/python3.9/site-packages/requests/adapters.py", line 667, in send
    resp = conn.urlopen(
  File "/home/aih/sebastian.birk/miniconda3/envs/nichecompass-reproducibility/lib/python3.9/site-packages/urllib3/connectionpool.py", line 801, in urlopen
    retries = retries.increment(
  File "/home/aih/sebastian.birk/miniconda3/envs/nichecompass-reproducibility/lib/python3.9/site-packages/urllib3/util/retry.py", line 594, in increment
    raise MaxRetryError(_pool, url, error or ResponseError(cause))
urllib3.exceptions.MaxRetryError: HTTPSConnectionPool(host='omnipathdb.org', port=443): Max retries exceeded with url: /queries/enzsub?format=json (Caused by SSLError(SSLZeroReturnError(6, 'TLS/SSL connection has been closed (EOF) (_ssl.c:1133)')))

During handling of the above exception, another exception occurred:

Traceback (most recent call last):
  File "/home/aih/sebastian.birk/miniconda3/envs/nichecompass-reproducibility/lib/python3.9/site-packages/omnipath/_core/downloader/_downloader.py", line 143, in maybe_download
    res = self._download(req)
  File "/home/aih/sebastian.birk/miniconda3/envs/nichecompass-reproducibility/lib/python3.9/site-packages/omnipath/_core/downloader/_downloader.py", line 178, in _download
    with self._session.send(
  File "/home/aih/sebastian.birk/miniconda3/envs/nichecompass-reproducibility/lib/python3.9/site-packages/requests/sessions.py", line 703, in send
    r = adapter.send(request, **kwargs)
  File "/home/aih/sebastian.birk/miniconda3/envs/nichecompass-reproducibility/lib/python3.9/site-packages/requests/adapters.py", line 698, in send
    raise SSLError(e, request=request)
requests.exceptions.SSLError: HTTPSConnectionPool(host='omnipathdb.org', port=443): Max retries exceeded with url: /queries/enzsub?format=json (Caused by SSLError(SSLZeroReturnError(6, 'TLS/SSL connection has been closed (EOF) (_ssl.c:1133)')))

usage: train_nichecompass_reference_model.py [-h] [--species SPECIES]
                                             [--nichenet_keep_target_genes_ratio NICHENET_KEEP_TARGET_GENES_RATIO]
                                             [--nichenet_max_n_target_genes_per_gp NICHENET_MAX_N_TARGET_GENES_PER_GP]
                                             [--include_omnipath_gps | --no-include_omnipath_gps]
                                             [--include_nichenet_gps | --no-include_nichenet_gps]
                                             [--include_mebocost_gps | --no-include_mebocost_gps]
                                             [--include_collectri_gps | --no-include_collectri_gps]
                                             [--include_brain_marker_gps | --no-include_brain_marker_gps]
                                             [--gp_filter_mode GP_FILTER_MODE]
                                             [--combine_overlap_gps | --no-combine_overlap_gps]
                                             [--overlap_thresh_source_genes OVERLAP_THRESH_SOURCE_GENES]
                                             [--overlap_thresh_target_genes OVERLAP_THRESH_TARGET_GENES]
                                             [--overlap_thresh_genes OVERLAP_THRESH_GENES]
                                             [--add_fc_gps_instead_of_gp_dict_gps | --no-add_fc_gps_instead_of_gp_dict_gps]
                                             [--use_new_gp_mask | --no-use_new_gp_mask]
                                             [--dataset DATASET]
                                             [--reference_batches REFERENCE_BATCHES [REFERENCE_BATCHES ...]]
                                             [--counts_key COUNTS_KEY]
                                             [--condition_key CONDITION_KEY]
                                             [--cat_covariates_keys CAT_COVARIATES_KEYS [CAT_COVARIATES_KEYS ...]]
                                             [--cat_covariates_no_edges CAT_COVARIATES_NO_EDGES [CAT_COVARIATES_NO_EDGES ...]]
                                             [--graph_type GRAPH_TYPE]
                                             [--radius RADIUS]
                                             [--n_neighbors N_NEIGHBORS]
                                             [--spatial_key SPATIAL_KEY]
                                             [--adj_key ADJ_KEY]
                                             [--mapping_entity_key MAPPING_ENTITY_KEY]
                                             [--filter_genes | --no-filter_genes]
                                             [--n_hvg N_HVG] [--n_svg N_SVG]
                                             [--n_svp N_SVP]
                                             [--gp_targets_mask_key GP_TARGETS_MASK_KEY]
                                             [--gp_sources_mask_key GP_SOURCES_MASK_KEY]
                                             [--gp_names_key GP_NAMES_KEY]
                                             [--include_atac_modality | --no-include_atac_modality]
                                             [--filter_peaks | --no-filter_peaks]
                                             [--min_cell_peak_thresh_ratio MIN_CELL_PEAK_THRESH_RATIO]
                                             [--min_cell_gene_thresh_ratio MIN_CELL_GENE_THRESH_RATIO]
                                             [--model_label MODEL_LABEL]
                                             [--active_gp_names_key ACTIVE_GP_NAMES_KEY]
                                             [--latent_key LATENT_KEY]
                                             [--n_addon_gp N_ADDON_GP]
                                             [--active_gp_thresh_ratio ACTIVE_GP_THRESH_RATIO]
                                             [--gene_expr_recon_dist GENE_EXPR_RECON_DIST]
                                             [--cat_covariates_embeds_injection CAT_COVARIATES_EMBEDS_INJECTION [CAT_COVARIATES_EMBEDS_INJECTION ...]]
                                             [--cat_covariates_embeds_nums CAT_COVARIATES_EMBEDS_NUMS [CAT_COVARIATES_EMBEDS_NUMS ...]]
                                             [--log_variational | --no-log_variational]
                                             [--node_label_method NODE_LABEL_METHOD]
                                             [--n_layers_encoder N_LAYERS_ENCODER]
                                             [--n_fc_layers_encoder N_FC_LAYERS_ENCODER]
                                             [--conv_layer_encoder CONV_LAYER_ENCODER]
                                             [--n_hidden_encoder N_HIDDEN_ENCODER]
                                             [--n_epochs N_EPOCHS]
                                             [--n_epochs_all_gps N_EPOCHS_ALL_GPS]
                                             [--n_epochs_no_cat_covariates_contrastive N_EPOCHS_NO_CAT_COVARIATES_CONTRASTIVE]
                                             [--lr LR]
                                             [--lambda_edge_recon LAMBDA_EDGE_RECON]
                                             [--lambda_gene_expr_recon LAMBDA_GENE_EXPR_RECON]
                                             [--lambda_chrom_access_recon LAMBDA_CHROM_ACCESS_RECON]
                                             [--lambda_cat_covariates_contrastive LAMBDA_CAT_COVARIATES_CONTRASTIVE]
                                             [--contrastive_logits_pos_ratio CONTRASTIVE_LOGITS_POS_RATIO]
                                             [--contrastive_logits_neg_ratio CONTRASTIVE_LOGITS_NEG_RATIO]
                                             [--lambda_group_lasso LAMBDA_GROUP_LASSO]
                                             [--lambda_l1_masked LAMBDA_L1_MASKED]
                                             [--lambda_l1_addon LAMBDA_L1_ADDON]
                                             [--edge_batch_size EDGE_BATCH_SIZE]
                                             [--node_batch_size NODE_BATCH_SIZE]
                                             [--edge_val_ratio EDGE_VAL_RATIO]
                                             [--node_val_ratio NODE_VAL_RATIO]
                                             [--n_sampled_neighbors N_SAMPLED_NEIGHBORS]
                                             [--seed SEED]
                                             [--mlflow_tracking | --no-mlflow_tracking]
                                             [--compute_knn_graph | --no-compute_knn_graph]
                                             [--timestamp_suffix TIMESTAMP_SUFFIX]
train_nichecompass_reference_model.py: error: argument --radius: invalid int value: '0.08'
